<?xml version="1.0" encoding="UTF-8"?>
<!-- Generated by org.testng.reporters.JUnitXMLReporter -->
<testsuite ignored="0" hostname="Vetrivendans-MacBook-Air.local" failures="0" tests="3" name="Submit Order Test" time="24.47" errors="0" timestamp="2025-03-18T11:31:52 AEDT">
  <testcase classname="SeleniumFrameworkDesign.Tests.SubmitOrderTest" name="SubmitOrder" time="3.42"/>
  <testcase classname="SeleniumFrameworkDesign.Tests.SubmitOrderTest" name="SubmitOrder" time="3.17"/>
  <testcase classname="SeleniumFrameworkDesign.Tests.SubmitOrderTest" name="OrderHistoryTest" time="0.77"/>
</testsuite> <!-- Submit Order Test -->
