<?xml version="1.0" encoding="UTF-8"?>
<!-- Generated by org.testng.reporters.JUnitXMLReporter -->
<testsuite ignored="0" hostname="Vetrivendans-MacBook-Air.local" failures="0" tests="3" name="Submit Order Test" time="22.332" errors="0" timestamp="2025-03-18T23:41:39 AEDT">
  <testcase classname="SeleniumFrameworkDesign.Tests.SubmitOrderTest" name="SubmitOrder" time="6.252"/>
  <testcase classname="SeleniumFrameworkDesign.Tests.SubmitOrderTest" name="SubmitOrder" time="3.331"/>
  <testcase classname="SeleniumFrameworkDesign.Tests.SubmitOrderTest" name="OrderHistoryTest" time="0.756"/>
</testsuite> <!-- Submit Order Test -->
