<?xml version="1.0" encoding="UTF-8"?>
<testsuite xmlns:xsi="http://www.w3.org/2001/XMLSchema-instance" xsi:noNamespaceSchemaLocation="https://maven.apache.org/surefire/maven-surefire-plugin/xsd/surefire-test-report.xsd" version="3.0.2" name="cucumber.TestNGTestRunner" time="10.552" tests="1" errors="0" skipped="0" failures="0">
  <properties>
[...]
</properties>
  <testcase name="runScenario[&quot;Postive scenario to submit an order&quot;, &quot;Submit an order from Ecommerce website&quot;](1)" classname="cucumber.TestNGTestRunner" time="10.15">
    <system-out><![CDATA[Step definition executed for user: testing@user.com
testing@user.com   Password1
Step definition executed for productName: ZARA COAT 3
THANKYOU FOR THE ORDER.
]]></system-out>
    <system-err><![CDATA[Mar 20, 2025 4:36:35 PM org.openqa.selenium.devtools.CdpVersionFinder findNearestMatch
WARNING: Unable to find an exact match for CDP version 134, returning the closest version; found: 132; Please update to a Selenium version that supports CDP version 134
]]></system-err>
  </testcase>
</testsuite>